{"/Users/samuelboardman/Documents/opensource/turing-users-service/index.js": {"path":"/Users/samuelboardman/Documents/opensource/turing-users-service/index.js","statementMap":{"0":{"start":{"line":9,"column":12},"end":{"line":9,"column":21}},"1":{"start":{"line":10,"column":0},"end":{"line":10,"column":17}},"2":{"start":{"line":11,"column":0},"end":{"line":11,"column":25}},"3":{"start":{"line":12,"column":0},"end":{"line":12,"column":56}},"4":{"start":{"line":13,"column":0},"end":{"line":13,"column":22}},"5":{"start":{"line":14,"column":0},"end":{"line":14,"column":15}},"6":{"start":{"line":16,"column":13},"end":{"line":16,"column":42}},"7":{"start":{"line":18,"column":0},"end":{"line":20,"column":2}},"8":{"start":{"line":19,"column":2},"end":{"line":19,"column":49}},"9":{"start":{"line":22,"column":0},"end":{"line":24,"column":2}},"10":{"start":{"line":25,"column":0},"end":{"line":27,"column":2}},"11":{"start":{"line":26,"column":2},"end":{"line":26,"column":30}}},"fnMap":{"0":{"name":"(anonymous_0)","decl":{"start":{"line":18,"column":17},"end":{"line":18,"column":18}},"loc":{"start":{"line":18,"column":23},"end":{"line":20,"column":1}},"line":18},"1":{"name":"(anonymous_1)","decl":{"start":{"line":22,"column":32},"end":{"line":22,"column":33}},"loc":{"start":{"line":22,"column":40},"end":{"line":24,"column":1}},"line":22},"2":{"name":"(anonymous_2)","decl":{"start":{"line":25,"column":33},"end":{"line":25,"column":34}},"loc":{"start":{"line":25,"column":41},"end":{"line":27,"column":1}},"line":25}},"branchMap":{"0":{"loc":{"start":{"line":16,"column":13},"end":{"line":16,"column":42}},"type":"binary-expr","locations":[{"start":{"line":16,"column":13},"end":{"line":16,"column":34}},{"start":{"line":16,"column":38},"end":{"line":16,"column":42}}],"line":16}},"s":{"0":1,"1":1,"2":1,"3":1,"4":1,"5":1,"6":1,"7":1,"8":1,"9":1,"10":1,"11":0},"f":{"0":1,"1":0,"2":0},"b":{"0":[1,1]},"_coverageSchema":"43e27e138ebf9cfc5966b082cf9a028302ed4184","hash":"f847a281d0549d67c7d46493c431cc64dbab38a5"}
,"/Users/samuelboardman/Documents/opensource/turing-users-service/config/database.js": {"path":"/Users/samuelboardman/Documents/opensource/turing-users-service/config/database.js","statementMap":{"0":{"start":{"line":4,"column":17},"end":{"line":4,"column":47}},"1":{"start":{"line":7,"column":18},"end":{"line":15,"column":4}},"2":{"start":{"line":16,"column":0},"end":{"line":23,"column":4}},"3":{"start":{"line":19,"column":4},"end":{"line":19,"column":64}},"4":{"start":{"line":22,"column":4},"end":{"line":22,"column":60}}},"fnMap":{"0":{"name":"(anonymous_0)","decl":{"start":{"line":18,"column":8},"end":{"line":18,"column":9}},"loc":{"start":{"line":18,"column":14},"end":{"line":20,"column":3}},"line":18},"1":{"name":"(anonymous_1)","decl":{"start":{"line":21,"column":9},"end":{"line":21,"column":10}},"loc":{"start":{"line":21,"column":16},"end":{"line":23,"column":3}},"line":21}},"branchMap":{},"s":{"0":1,"1":1,"2":1,"3":0,"4":1},"f":{"0":0,"1":1},"b":{},"_coverageSchema":"43e27e138ebf9cfc5966b082cf9a028302ed4184","hash":"a5e3b824fa22e1b24ef55711bc6957c57a084ff3"}
,"/Users/samuelboardman/Documents/opensource/turing-users-service/config/envconfig.js": {"path":"/Users/samuelboardman/Documents/opensource/turing-users-service/config/envconfig.js","statementMap":{"0":{"start":{"line":3,"column":0},"end":{"line":3,"column":15}},"1":{"start":{"line":17,"column":4},"end":{"line":17,"column":15}}},"fnMap":{},"branchMap":{"0":{"loc":{"start":{"line":39,"column":10},"end":{"line":39,"column":35}},"type":"binary-expr","locations":[{"start":{"line":39,"column":10},"end":{"line":39,"column":20}},{"start":{"line":39,"column":24},"end":{"line":39,"column":35}}],"line":39},"1":{"loc":{"start":{"line":40,"column":14},"end":{"line":40,"column":34}},"type":"binary-expr","locations":[{"start":{"line":40,"column":14},"end":{"line":40,"column":28}},{"start":{"line":40,"column":32},"end":{"line":40,"column":34}}],"line":40},"2":{"loc":{"start":{"line":41,"column":10},"end":{"line":41,"column":28}},"type":"binary-expr","locations":[{"start":{"line":41,"column":10},"end":{"line":41,"column":20}},{"start":{"line":41,"column":24},"end":{"line":41,"column":28}}],"line":41}},"s":{"0":1,"1":1},"f":{},"b":{"0":[1,0],"1":[1,0],"2":[1,0]},"_coverageSchema":"43e27e138ebf9cfc5966b082cf9a028302ed4184","hash":"549ad4cf09b3d6cfbbe43c4746318bce3ec53b24"}
,"/Users/samuelboardman/Documents/opensource/turing-users-service/config/redis.js": {"path":"/Users/samuelboardman/Documents/opensource/turing-users-service/config/redis.js","statementMap":{"0":{"start":{"line":12,"column":0},"end":{"line":12,"column":15}},"1":{"start":{"line":14,"column":18},"end":{"line":19,"column":1}}},"fnMap":{},"branchMap":{"0":{"loc":{"start":{"line":15,"column":8},"end":{"line":15,"column":45}},"type":"binary-expr","locations":[{"start":{"line":15,"column":8},"end":{"line":15,"column":30}},{"start":{"line":15,"column":34},"end":{"line":15,"column":45}}],"line":15},"1":{"loc":{"start":{"line":16,"column":8},"end":{"line":16,"column":38}},"type":"binary-expr","locations":[{"start":{"line":16,"column":8},"end":{"line":16,"column":30}},{"start":{"line":16,"column":34},"end":{"line":16,"column":38}}],"line":16},"2":{"loc":{"start":{"line":17,"column":12},"end":{"line":17,"column":44}},"type":"binary-expr","locations":[{"start":{"line":17,"column":12},"end":{"line":17,"column":38}},{"start":{"line":17,"column":42},"end":{"line":17,"column":44}}],"line":17},"3":{"loc":{"start":{"line":18,"column":6},"end":{"line":18,"column":38}},"type":"binary-expr","locations":[{"start":{"line":18,"column":6},"end":{"line":18,"column":26}},{"start":{"line":18,"column":30},"end":{"line":18,"column":38}}],"line":18}},"s":{"0":1,"1":1},"f":{},"b":{"0":[1,0],"1":[1,0],"2":[1,0],"3":[1,0]},"_coverageSchema":"43e27e138ebf9cfc5966b082cf9a028302ed4184","hash":"e36f4afde7384e2a6a802e785dc4fae5e55b6992"}
,"/Users/samuelboardman/Documents/opensource/turing-users-service/constants/index.js": {"path":"/Users/samuelboardman/Documents/opensource/turing-users-service/constants/index.js","statementMap":{"0":{"start":{"line":1,"column":20},"end":{"line":15,"column":2}},"1":{"start":{"line":16,"column":22},"end":{"line":24,"column":2}},"2":{"start":{"line":26,"column":20},"end":{"line":30,"column":2}},"3":{"start":{"line":31,"column":19},"end":{"line":35,"column":2}}},"fnMap":{},"branchMap":{},"s":{"0":1,"1":1,"2":1,"3":1},"f":{},"b":{},"_coverageSchema":"43e27e138ebf9cfc5966b082cf9a028302ed4184","hash":"7305893aed4d95dbdfeb76bf73a4d265daa9e73a"}
,"/Users/samuelboardman/Documents/opensource/turing-users-service/controllers/customer.js": {"path":"/Users/samuelboardman/Documents/opensource/turing-users-service/controllers/customer.js","statementMap":{"0":{"start":{"line":8,"column":12},"end":{"line":8,"column":19}},"1":{"start":{"line":10,"column":2},"end":{"line":32,"column":4}},"2":{"start":{"line":11,"column":38},"end":{"line":11,"column":46}},"3":{"start":{"line":12,"column":21},"end":{"line":16,"column":6}},"4":{"start":{"line":17,"column":4},"end":{"line":25,"column":5}},"5":{"start":{"line":18,"column":18},"end":{"line":23,"column":7}},"6":{"start":{"line":24,"column":6},"end":{"line":24,"column":77}},"7":{"start":{"line":27,"column":23},"end":{"line":27,"column":94}},"8":{"start":{"line":28,"column":4},"end":{"line":31,"column":5}},"9":{"start":{"line":29,"column":6},"end":{"line":29,"column":84}},"10":{"start":{"line":30,"column":6},"end":{"line":30,"column":80}},"11":{"start":{"line":36,"column":2},"end":{"line":50,"column":4}},"12":{"start":{"line":37,"column":21},"end":{"line":37,"column":80}},"13":{"start":{"line":39,"column":4},"end":{"line":45,"column":5}},"14":{"start":{"line":40,"column":6},"end":{"line":44,"column":8}},"15":{"start":{"line":46,"column":4},"end":{"line":46,"column":96}},"16":{"start":{"line":47,"column":23},"end":{"line":47,"column":93}},"17":{"start":{"line":49,"column":4},"end":{"line":49,"column":78}},"18":{"start":{"line":54,"column":2},"end":{"line":60,"column":3}},"19":{"start":{"line":55,"column":21},"end":{"line":55,"column":69}},"20":{"start":{"line":56,"column":4},"end":{"line":56,"column":114}},"21":{"start":{"line":57,"column":23},"end":{"line":57,"column":102}},"22":{"start":{"line":58,"column":4},"end":{"line":58,"column":78}},"23":{"start":{"line":64,"column":2},"end":{"line":69,"column":4}},"24":{"start":{"line":65,"column":21},"end":{"line":65,"column":72}},"25":{"start":{"line":66,"column":4},"end":{"line":66,"column":114}},"26":{"start":{"line":67,"column":23},"end":{"line":67,"column":102}},"27":{"start":{"line":68,"column":4},"end":{"line":68,"column":78}},"28":{"start":{"line":73,"column":2},"end":{"line":80,"column":3}},"29":{"start":{"line":74,"column":23},"end":{"line":74,"column":55}},"30":{"start":{"line":75,"column":21},"end":{"line":75,"column":69}},"31":{"start":{"line":76,"column":23},"end":{"line":76,"column":96}},"32":{"start":{"line":77,"column":4},"end":{"line":77,"column":82}},"33":{"start":{"line":78,"column":4},"end":{"line":78,"column":78}},"34":{"start":{"line":84,"column":2},"end":{"line":100,"column":4}},"35":{"start":{"line":85,"column":29},"end":{"line":85,"column":37}},"36":{"start":{"line":87,"column":21},"end":{"line":87,"column":70}},"37":{"start":{"line":88,"column":4},"end":{"line":96,"column":5}},"38":{"start":{"line":89,"column":18},"end":{"line":94,"column":7}},"39":{"start":{"line":95,"column":6},"end":{"line":95,"column":77}},"40":{"start":{"line":97,"column":23},"end":{"line":97,"column":96}},"41":{"start":{"line":98,"column":4},"end":{"line":98,"column":82}},"42":{"start":{"line":99,"column":4},"end":{"line":99,"column":78}},"43":{"start":{"line":103,"column":2},"end":{"line":118,"column":4}},"44":{"start":{"line":104,"column":32},"end":{"line":104,"column":40}},"45":{"start":{"line":105,"column":21},"end":{"line":105,"column":75}},"46":{"start":{"line":106,"column":4},"end":{"line":114,"column":5}},"47":{"start":{"line":107,"column":18},"end":{"line":112,"column":7}},"48":{"start":{"line":113,"column":6},"end":{"line":113,"column":77}},"49":{"start":{"line":115,"column":23},"end":{"line":115,"column":98}},"50":{"start":{"line":116,"column":4},"end":{"line":116,"column":82}},"51":{"start":{"line":117,"column":4},"end":{"line":117,"column":78}}},"fnMap":{"0":{"name":"signupCustomer","decl":{"start":{"line":9,"column":9},"end":{"line":9,"column":23}},"loc":{"start":{"line":9,"column":27},"end":{"line":33,"column":1}},"line":9},"1":{"name":"(anonymous_1)","decl":{"start":{"line":10,"column":16},"end":{"line":10,"column":17}},"loc":{"start":{"line":10,"column":36},"end":{"line":32,"column":3}},"line":10},"2":{"name":"getCustomer","decl":{"start":{"line":35,"column":9},"end":{"line":35,"column":20}},"loc":{"start":{"line":35,"column":24},"end":{"line":51,"column":1}},"line":35},"3":{"name":"(anonymous_3)","decl":{"start":{"line":36,"column":16},"end":{"line":36,"column":17}},"loc":{"start":{"line":36,"column":36},"end":{"line":50,"column":3}},"line":36},"4":{"name":"updateCustomerDetails","decl":{"start":{"line":53,"column":9},"end":{"line":53,"column":30}},"loc":{"start":{"line":53,"column":34},"end":{"line":61,"column":1}},"line":53},"5":{"name":"(anonymous_5)","decl":{"start":{"line":54,"column":16},"end":{"line":54,"column":17}},"loc":{"start":{"line":54,"column":36},"end":{"line":59,"column":3}},"line":54},"6":{"name":"updateCustomerCreditCard","decl":{"start":{"line":63,"column":9},"end":{"line":63,"column":33}},"loc":{"start":{"line":63,"column":37},"end":{"line":70,"column":1}},"line":63},"7":{"name":"(anonymous_7)","decl":{"start":{"line":64,"column":16},"end":{"line":64,"column":17}},"loc":{"start":{"line":64,"column":36},"end":{"line":69,"column":3}},"line":64},"8":{"name":"updateCustomerAddress","decl":{"start":{"line":72,"column":9},"end":{"line":72,"column":30}},"loc":{"start":{"line":72,"column":34},"end":{"line":81,"column":1}},"line":72},"9":{"name":"(anonymous_9)","decl":{"start":{"line":73,"column":16},"end":{"line":73,"column":17}},"loc":{"start":{"line":73,"column":36},"end":{"line":79,"column":3}},"line":73},"10":{"name":"facebookLogin","decl":{"start":{"line":83,"column":9},"end":{"line":83,"column":22}},"loc":{"start":{"line":83,"column":26},"end":{"line":101,"column":1}},"line":83},"11":{"name":"(anonymous_11)","decl":{"start":{"line":84,"column":16},"end":{"line":84,"column":17}},"loc":{"start":{"line":84,"column":36},"end":{"line":100,"column":3}},"line":84},"12":{"name":"loginCustomer","decl":{"start":{"line":102,"column":9},"end":{"line":102,"column":22}},"loc":{"start":{"line":102,"column":26},"end":{"line":119,"column":1}},"line":102},"13":{"name":"(anonymous_13)","decl":{"start":{"line":103,"column":16},"end":{"line":103,"column":17}},"loc":{"start":{"line":103,"column":36},"end":{"line":118,"column":3}},"line":103}},"branchMap":{"0":{"loc":{"start":{"line":17,"column":4},"end":{"line":25,"column":5}},"type":"if","locations":[{"start":{"line":17,"column":4},"end":{"line":25,"column":5}},{"start":{"line":17,"column":4},"end":{"line":25,"column":5}}],"line":17},"1":{"loc":{"start":{"line":28,"column":4},"end":{"line":31,"column":5}},"type":"if","locations":[{"start":{"line":28,"column":4},"end":{"line":31,"column":5}},{"start":{"line":28,"column":4},"end":{"line":31,"column":5}}],"line":28},"2":{"loc":{"start":{"line":39,"column":4},"end":{"line":45,"column":5}},"type":"if","locations":[{"start":{"line":39,"column":4},"end":{"line":45,"column":5}},{"start":{"line":39,"column":4},"end":{"line":45,"column":5}}],"line":39},"3":{"loc":{"start":{"line":88,"column":4},"end":{"line":96,"column":5}},"type":"if","locations":[{"start":{"line":88,"column":4},"end":{"line":96,"column":5}},{"start":{"line":88,"column":4},"end":{"line":96,"column":5}}],"line":88},"4":{"loc":{"start":{"line":106,"column":4},"end":{"line":114,"column":5}},"type":"if","locations":[{"start":{"line":106,"column":4},"end":{"line":114,"column":5}},{"start":{"line":106,"column":4},"end":{"line":114,"column":5}}],"line":106}},"s":{"0":1,"1":1,"2":2,"3":2,"4":0,"5":0,"6":0,"7":0,"8":0,"9":0,"10":0,"11":1,"12":0,"13":0,"14":0,"15":0,"16":0,"17":0,"18":1,"19":0,"20":0,"21":0,"22":0,"23":1,"24":0,"25":0,"26":0,"27":0,"28":1,"29":0,"30":0,"31":0,"32":0,"33":0,"34":1,"35":0,"36":0,"37":0,"38":0,"39":0,"40":0,"41":0,"42":0,"43":1,"44":3,"45":3,"46":0,"47":0,"48":0,"49":0,"50":0,"51":0},"f":{"0":1,"1":2,"2":1,"3":0,"4":1,"5":0,"6":1,"7":0,"8":1,"9":0,"10":1,"11":0,"12":1,"13":3},"b":{"0":[0,0],"1":[0,0],"2":[0,0],"3":[0,0],"4":[0,0]},"_coverageSchema":"43e27e138ebf9cfc5966b082cf9a028302ed4184","hash":"ec79e21df57c1b41f6e2bc34de777a7443902e26"}
,"/Users/samuelboardman/Documents/opensource/turing-users-service/middlewares/async.js": {"path":"/Users/samuelboardman/Documents/opensource/turing-users-service/middlewares/async.js","statementMap":{"0":{"start":{"line":10,"column":2},"end":{"line":16,"column":3}},"1":{"start":{"line":11,"column":4},"end":{"line":15,"column":5}},"2":{"start":{"line":12,"column":6},"end":{"line":12,"column":29}},"3":{"start":{"line":14,"column":6},"end":{"line":14,"column":17}}},"fnMap":{"0":{"name":"asyncF","decl":{"start":{"line":9,"column":24},"end":{"line":9,"column":30}},"loc":{"start":{"line":9,"column":41},"end":{"line":17,"column":1}},"line":9},"1":{"name":"(anonymous_1)","decl":{"start":{"line":10,"column":9},"end":{"line":10,"column":10}},"loc":{"start":{"line":10,"column":35},"end":{"line":16,"column":3}},"line":10}},"branchMap":{},"s":{"0":7,"1":5,"2":5,"3":5},"f":{"0":7,"1":5},"b":{},"_coverageSchema":"43e27e138ebf9cfc5966b082cf9a028302ed4184","hash":"e6443312723cc0d2a43ee56832fcc8f30b8b331d"}
,"/Users/samuelboardman/Documents/opensource/turing-users-service/middlewares/authenticate.js": {"path":"/Users/samuelboardman/Documents/opensource/turing-users-service/middlewares/authenticate.js","statementMap":{"0":{"start":{"line":7,"column":19},"end":{"line":35,"column":1}},"1":{"start":{"line":8,"column":2},"end":{"line":34,"column":3}},"2":{"start":{"line":9,"column":25},"end":{"line":9,"column":36}},"3":{"start":{"line":11,"column":4},"end":{"line":20,"column":5}},"4":{"start":{"line":12,"column":6},"end":{"line":19,"column":8}},"5":{"start":{"line":21,"column":20},"end":{"line":21,"column":39}},"6":{"start":{"line":22,"column":18},"end":{"line":22,"column":28}},"7":{"start":{"line":23,"column":19},"end":{"line":23,"column":57}},"8":{"start":{"line":24,"column":4},"end":{"line":24,"column":21}},"9":{"start":{"line":25,"column":4},"end":{"line":25,"column":17}},"10":{"start":{"line":27,"column":4},"end":{"line":33,"column":6}},"11":{"start":{"line":37,"column":22},"end":{"line":40,"column":1}},"12":{"start":{"line":38,"column":16},"end":{"line":38,"column":104}},"13":{"start":{"line":39,"column":2},"end":{"line":39,"column":26}}},"fnMap":{"0":{"name":"(anonymous_0)","decl":{"start":{"line":7,"column":19},"end":{"line":7,"column":20}},"loc":{"start":{"line":7,"column":39},"end":{"line":35,"column":1}},"line":7},"1":{"name":"(anonymous_1)","decl":{"start":{"line":37,"column":22},"end":{"line":37,"column":23}},"loc":{"start":{"line":37,"column":39},"end":{"line":40,"column":1}},"line":37}},"branchMap":{"0":{"loc":{"start":{"line":11,"column":4},"end":{"line":20,"column":5}},"type":"if","locations":[{"start":{"line":11,"column":4},"end":{"line":20,"column":5}},{"start":{"line":11,"column":4},"end":{"line":20,"column":5}}],"line":11},"1":{"loc":{"start":{"line":11,"column":22},"end":{"line":11,"column":45}},"type":"binary-expr","locations":[{"start":{"line":11,"column":22},"end":{"line":11,"column":31}},{"start":{"line":11,"column":35},"end":{"line":11,"column":39}},{"start":{"line":11,"column":43},"end":{"line":11,"column":45}}],"line":11}},"s":{"0":1,"1":2,"2":2,"3":2,"4":0,"5":2,"6":1,"7":1,"8":0,"9":0,"10":2,"11":1,"12":0,"13":0},"f":{"0":2,"1":0},"b":{"0":[0,2],"1":[2,2,2]},"_coverageSchema":"43e27e138ebf9cfc5966b082cf9a028302ed4184","hash":"4eb7893ddbbac395532c9ea2861259bbeeb4138d"}
,"/Users/samuelboardman/Documents/opensource/turing-users-service/middlewares/rateLimit.js": {"path":"/Users/samuelboardman/Documents/opensource/turing-users-service/middlewares/rateLimit.js","statementMap":{"0":{"start":{"line":4,"column":19},"end":{"line":7,"column":2}}},"fnMap":{},"branchMap":{},"s":{"0":1},"f":{},"b":{},"_coverageSchema":"43e27e138ebf9cfc5966b082cf9a028302ed4184","hash":"ea9c87b08df7d59fdadfbd8f48ac927f76c990be"}
,"/Users/samuelboardman/Documents/opensource/turing-users-service/middlewares/validateRequest.js": {"path":"/Users/samuelboardman/Documents/opensource/turing-users-service/middlewares/validateRequest.js","statementMap":{"0":{"start":{"line":19,"column":18},"end":{"line":32,"column":1}},"1":{"start":{"line":20,"column":18},"end":{"line":28,"column":3}},"2":{"start":{"line":29,"column":19},"end":{"line":29,"column":45}},"3":{"start":{"line":30,"column":20},"end":{"line":30,"column":41}},"4":{"start":{"line":31,"column":2},"end":{"line":31,"column":47}},"5":{"start":{"line":43,"column":21},"end":{"line":43,"column":62}},"6":{"start":{"line":45,"column":2},"end":{"line":50,"column":3}},"7":{"start":{"line":46,"column":4},"end":{"line":46,"column":42}},"8":{"start":{"line":47,"column":4},"end":{"line":49,"column":5}},"9":{"start":{"line":51,"column":2},"end":{"line":51,"column":30}},"10":{"start":{"line":52,"column":2},"end":{"line":52,"column":15}}},"fnMap":{"0":{"name":"(anonymous_0)","decl":{"start":{"line":19,"column":18},"end":{"line":19,"column":19}},"loc":{"start":{"line":19,"column":25},"end":{"line":32,"column":1}},"line":19},"1":{"name":"(anonymous_1)","decl":{"start":{"line":42,"column":15},"end":{"line":42,"column":16}},"loc":{"start":{"line":42,"column":41},"end":{"line":53,"column":1}},"line":42}},"branchMap":{"0":{"loc":{"start":{"line":45,"column":2},"end":{"line":50,"column":3}},"type":"if","locations":[{"start":{"line":45,"column":2},"end":{"line":50,"column":3}},{"start":{"line":45,"column":2},"end":{"line":50,"column":3}}],"line":45}},"s":{"0":1,"1":7,"2":7,"3":7,"4":7,"5":7,"6":7,"7":2,"8":2,"9":5,"10":5},"f":{"0":7,"1":7},"b":{"0":[2,5]},"_coverageSchema":"43e27e138ebf9cfc5966b082cf9a028302ed4184","hash":"e1e800001c8d1f6751e572d02bffe0a33a7c94ba"}
,"/Users/samuelboardman/Documents/opensource/turing-users-service/models/customer.js": {"path":"/Users/samuelboardman/Documents/opensource/turing-users-service/models/customer.js","statementMap":{"0":{"start":{"line":4,"column":25},"end":{"line":58,"column":3}},"1":{"start":{"line":59,"column":20},"end":{"line":62,"column":4}},"2":{"start":{"line":63,"column":2},"end":{"line":63,"column":18}}},"fnMap":{"0":{"name":"(anonymous_0)","decl":{"start":{"line":3,"column":15},"end":{"line":3,"column":16}},"loc":{"start":{"line":3,"column":41},"end":{"line":64,"column":1}},"line":3}},"branchMap":{},"s":{"0":1,"1":1,"2":1},"f":{"0":1},"b":{},"_coverageSchema":"43e27e138ebf9cfc5966b082cf9a028302ed4184","hash":"c06cd099bda8f6e7198bd19697cc02295ff35dd0"}
,"/Users/samuelboardman/Documents/opensource/turing-users-service/models/index.js": {"path":"/Users/samuelboardman/Documents/opensource/turing-users-service/models/index.js","statementMap":{"0":{"start":{"line":7,"column":17},"end":{"line":7,"column":42}},"1":{"start":{"line":9,"column":11},"end":{"line":9,"column":13}},"2":{"start":{"line":11,"column":0},"end":{"line":19,"column":4}},"3":{"start":{"line":14,"column":4},"end":{"line":14,"column":89}},"4":{"start":{"line":17,"column":18},"end":{"line":17,"column":65}},"5":{"start":{"line":18,"column":4},"end":{"line":18,"column":26}},"6":{"start":{"line":21,"column":0},"end":{"line":25,"column":2}},"7":{"start":{"line":22,"column":2},"end":{"line":24,"column":3}},"8":{"start":{"line":23,"column":4},"end":{"line":23,"column":31}},"9":{"start":{"line":27,"column":0},"end":{"line":27,"column":24}},"10":{"start":{"line":28,"column":0},"end":{"line":28,"column":24}}},"fnMap":{"0":{"name":"(anonymous_0)","decl":{"start":{"line":13,"column":10},"end":{"line":13,"column":11}},"loc":{"start":{"line":13,"column":18},"end":{"line":15,"column":3}},"line":13},"1":{"name":"(anonymous_1)","decl":{"start":{"line":16,"column":11},"end":{"line":16,"column":12}},"loc":{"start":{"line":16,"column":19},"end":{"line":19,"column":3}},"line":16},"2":{"name":"(anonymous_2)","decl":{"start":{"line":21,"column":24},"end":{"line":21,"column":25}},"loc":{"start":{"line":21,"column":37},"end":{"line":25,"column":1}},"line":21}},"branchMap":{"0":{"loc":{"start":{"line":14,"column":11},"end":{"line":14,"column":89}},"type":"binary-expr","locations":[{"start":{"line":14,"column":12},"end":{"line":14,"column":35}},{"start":{"line":14,"column":41},"end":{"line":14,"column":58}},{"start":{"line":14,"column":64},"end":{"line":14,"column":88}}],"line":14},"1":{"loc":{"start":{"line":22,"column":2},"end":{"line":24,"column":3}},"type":"if","locations":[{"start":{"line":22,"column":2},"end":{"line":24,"column":3}},{"start":{"line":22,"column":2},"end":{"line":24,"column":3}}],"line":22}},"s":{"0":1,"1":1,"2":1,"3":3,"4":2,"5":2,"6":1,"7":2,"8":0,"9":1,"10":1},"f":{"0":3,"1":2,"2":2},"b":{"0":[3,3,2],"1":[0,2]},"_coverageSchema":"43e27e138ebf9cfc5966b082cf9a028302ed4184","hash":"94f163b9c85489d751edb24931f712ca9b13c8a4"}
,"/Users/samuelboardman/Documents/opensource/turing-users-service/models/review.js": {"path":"/Users/samuelboardman/Documents/opensource/turing-users-service/models/review.js","statementMap":{"0":{"start":{"line":2,"column":23},"end":{"line":25,"column":3}},"1":{"start":{"line":27,"column":17},"end":{"line":30,"column":4}},"2":{"start":{"line":31,"column":2},"end":{"line":31,"column":15}}},"fnMap":{"0":{"name":"(anonymous_0)","decl":{"start":{"line":1,"column":15},"end":{"line":1,"column":16}},"loc":{"start":{"line":1,"column":41},"end":{"line":32,"column":1}},"line":1}},"branchMap":{},"s":{"0":1,"1":1,"2":1},"f":{"0":1},"b":{},"_coverageSchema":"43e27e138ebf9cfc5966b082cf9a028302ed4184","hash":"c9974604fe91256d5b5d4a1cf17efa740a8f7b2a"}
,"/Users/samuelboardman/Documents/opensource/turing-users-service/routes/customers.js": {"path":"/Users/samuelboardman/Documents/opensource/turing-users-service/routes/customers.js","statementMap":{"0":{"start":{"line":6,"column":15},"end":{"line":6,"column":23}},"1":{"start":{"line":8,"column":0},"end":{"line":10,"column":77}},"2":{"start":{"line":11,"column":0},"end":{"line":11,"column":70}},"3":{"start":{"line":13,"column":0},"end":{"line":13,"column":103}},"4":{"start":{"line":15,"column":0},"end":{"line":15,"column":69}},"5":{"start":{"line":17,"column":0},"end":{"line":17,"column":109}},"6":{"start":{"line":18,"column":0},"end":{"line":18,"column":72}}},"fnMap":{},"branchMap":{},"s":{"0":1,"1":1,"2":1,"3":1,"4":1,"5":1,"6":1},"f":{},"b":{},"_coverageSchema":"43e27e138ebf9cfc5966b082cf9a028302ed4184","hash":"2b11dfe456022d3ef387c3d8a37f9043f04d471e"}
,"/Users/samuelboardman/Documents/opensource/turing-users-service/routes/routedependencies.js": {"path":"/Users/samuelboardman/Documents/opensource/turing-users-service/routes/routedependencies.js","statementMap":{"0":{"start":{"line":6,"column":2},"end":{"line":6,"column":28}},"1":{"start":{"line":7,"column":2},"end":{"line":7,"column":52}},"2":{"start":{"line":8,"column":2},"end":{"line":8,"column":22}},"3":{"start":{"line":9,"column":2},"end":{"line":9,"column":32}}},"fnMap":{"0":{"name":"(anonymous_0)","decl":{"start":{"line":5,"column":15},"end":{"line":5,"column":16}},"loc":{"start":{"line":5,"column":24},"end":{"line":10,"column":1}},"line":5}},"branchMap":{},"s":{"0":1,"1":1,"2":1,"3":1},"f":{"0":1},"b":{},"_coverageSchema":"43e27e138ebf9cfc5966b082cf9a028302ed4184","hash":"03a6d927dc01654ab730c6855f0175978e91104b"}
,"/Users/samuelboardman/Documents/opensource/turing-users-service/services/customer.js": {"path":"/Users/samuelboardman/Documents/opensource/turing-users-service/services/customer.js","statementMap":{"0":{"start":{"line":9,"column":0},"end":{"line":9,"column":23}},"1":{"start":{"line":10,"column":19},"end":{"line":10,"column":30}},"2":{"start":{"line":13,"column":17},"end":{"line":15,"column":4}},"3":{"start":{"line":16,"column":2},"end":{"line":16,"column":17}},"4":{"start":{"line":20,"column":17},"end":{"line":22,"column":4}},"5":{"start":{"line":24,"column":2},"end":{"line":28,"column":3}},"6":{"start":{"line":25,"column":4},"end":{"line":27,"column":5}},"7":{"start":{"line":26,"column":6},"end":{"line":26,"column":48}},"8":{"start":{"line":29,"column":2},"end":{"line":29,"column":17}},"9":{"start":{"line":33,"column":2},"end":{"line":33,"column":51}},"10":{"start":{"line":34,"column":17},"end":{"line":34,"column":62}},"11":{"start":{"line":36,"column":2},"end":{"line":43,"column":3}},"12":{"start":{"line":37,"column":4},"end":{"line":37,"column":36}},"13":{"start":{"line":38,"column":4},"end":{"line":38,"column":60}},"14":{"start":{"line":39,"column":25},"end":{"line":39,"column":73}},"15":{"start":{"line":40,"column":4},"end":{"line":40,"column":37}},"16":{"start":{"line":42,"column":4},"end":{"line":42,"column":39}},"17":{"start":{"line":46,"column":2},"end":{"line":61,"column":3}},"18":{"start":{"line":47,"column":18},"end":{"line":47,"column":58}},"19":{"start":{"line":48,"column":4},"end":{"line":48,"column":26}},"20":{"start":{"line":49,"column":4},"end":{"line":51,"column":5}},"21":{"start":{"line":50,"column":6},"end":{"line":50,"column":41}},"22":{"start":{"line":52,"column":4},"end":{"line":52,"column":54}},"23":{"start":{"line":53,"column":19},"end":{"line":53,"column":64}},"24":{"start":{"line":54,"column":4},"end":{"line":57,"column":5}},"25":{"start":{"line":55,"column":6},"end":{"line":55,"column":38}},"26":{"start":{"line":56,"column":6},"end":{"line":56,"column":62}},"27":{"start":{"line":58,"column":4},"end":{"line":58,"column":47}},"28":{"start":{"line":60,"column":4},"end":{"line":60,"column":39}},"29":{"start":{"line":65,"column":17},"end":{"line":65,"column":55}},"30":{"start":{"line":66,"column":2},"end":{"line":69,"column":3}},"31":{"start":{"line":67,"column":18},"end":{"line":67,"column":66}},"32":{"start":{"line":68,"column":4},"end":{"line":68,"column":30}},"33":{"start":{"line":70,"column":2},"end":{"line":70,"column":37}},"34":{"start":{"line":74,"column":17},"end":{"line":74,"column":55}},"35":{"start":{"line":75,"column":2},"end":{"line":81,"column":3}},"36":{"start":{"line":76,"column":17},"end":{"line":76,"column":61}},"37":{"start":{"line":77,"column":4},"end":{"line":79,"column":5}},"38":{"start":{"line":78,"column":6},"end":{"line":78,"column":21}},"39":{"start":{"line":80,"column":4},"end":{"line":80,"column":39}},"40":{"start":{"line":83,"column":2},"end":{"line":83,"column":37}},"41":{"start":{"line":87,"column":2},"end":{"line":90,"column":3}},"42":{"start":{"line":92,"column":17},"end":{"line":92,"column":60}},"43":{"start":{"line":93,"column":2},"end":{"line":93,"column":21}},"44":{"start":{"line":97,"column":2},"end":{"line":100,"column":3}},"45":{"start":{"line":102,"column":17},"end":{"line":102,"column":60}},"46":{"start":{"line":103,"column":2},"end":{"line":103,"column":21}},"47":{"start":{"line":106,"column":2},"end":{"line":106,"column":53}},"48":{"start":{"line":107,"column":2},"end":{"line":110,"column":3}},"49":{"start":{"line":112,"column":17},"end":{"line":112,"column":60}},"50":{"start":{"line":113,"column":2},"end":{"line":113,"column":21}}},"fnMap":{"0":{"name":"getCustomerById","decl":{"start":{"line":12,"column":15},"end":{"line":12,"column":30}},"loc":{"start":{"line":12,"column":45},"end":{"line":17,"column":1}},"line":12},"1":{"name":"getCustomerByEmail","decl":{"start":{"line":19,"column":15},"end":{"line":19,"column":33}},"loc":{"start":{"line":19,"column":58},"end":{"line":30,"column":1}},"line":19},"2":{"name":"createCustomer","decl":{"start":{"line":32,"column":15},"end":{"line":32,"column":29}},"loc":{"start":{"line":32,"column":40},"end":{"line":44,"column":1}},"line":32},"3":{"name":"facebookLogin","decl":{"start":{"line":45,"column":15},"end":{"line":45,"column":28}},"loc":{"start":{"line":45,"column":44},"end":{"line":62,"column":1}},"line":45},"4":{"name":"getLoginDetails","decl":{"start":{"line":64,"column":15},"end":{"line":64,"column":30}},"loc":{"start":{"line":64,"column":49},"end":{"line":71,"column":1}},"line":64},"5":{"name":"confirmPassword","decl":{"start":{"line":73,"column":15},"end":{"line":73,"column":30}},"loc":{"start":{"line":73,"column":49},"end":{"line":84,"column":1}},"line":73},"6":{"name":"updateCustomerCreditCard","decl":{"start":{"line":86,"column":15},"end":{"line":86,"column":39}},"loc":{"start":{"line":86,"column":46},"end":{"line":94,"column":1}},"line":86},"7":{"name":"updateCustomerAddress","decl":{"start":{"line":96,"column":15},"end":{"line":96,"column":36}},"loc":{"start":{"line":96,"column":43},"end":{"line":104,"column":1}},"line":96},"8":{"name":"updateCustomerDetails","decl":{"start":{"line":105,"column":15},"end":{"line":105,"column":36}},"loc":{"start":{"line":105,"column":43},"end":{"line":114,"column":1}},"line":105}},"branchMap":{"0":{"loc":{"start":{"line":24,"column":2},"end":{"line":28,"column":3}},"type":"if","locations":[{"start":{"line":24,"column":2},"end":{"line":28,"column":3}},{"start":{"line":24,"column":2},"end":{"line":28,"column":3}}],"line":24},"1":{"loc":{"start":{"line":25,"column":4},"end":{"line":27,"column":5}},"type":"if","locations":[{"start":{"line":25,"column":4},"end":{"line":27,"column":5}},{"start":{"line":25,"column":4},"end":{"line":27,"column":5}}],"line":25},"2":{"loc":{"start":{"line":36,"column":2},"end":{"line":43,"column":3}},"type":"if","locations":[{"start":{"line":36,"column":2},"end":{"line":43,"column":3}},{"start":{"line":36,"column":2},"end":{"line":43,"column":3}}],"line":36},"3":{"loc":{"start":{"line":49,"column":4},"end":{"line":51,"column":5}},"type":"if","locations":[{"start":{"line":49,"column":4},"end":{"line":51,"column":5}},{"start":{"line":49,"column":4},"end":{"line":51,"column":5}}],"line":49},"4":{"loc":{"start":{"line":49,"column":27},"end":{"line":49,"column":37}},"type":"binary-expr","locations":[{"start":{"line":49,"column":27},"end":{"line":49,"column":31}},{"start":{"line":49,"column":35},"end":{"line":49,"column":37}}],"line":49},"5":{"loc":{"start":{"line":54,"column":4},"end":{"line":57,"column":5}},"type":"if","locations":[{"start":{"line":54,"column":4},"end":{"line":57,"column":5}},{"start":{"line":54,"column":4},"end":{"line":57,"column":5}}],"line":54},"6":{"loc":{"start":{"line":66,"column":2},"end":{"line":69,"column":3}},"type":"if","locations":[{"start":{"line":66,"column":2},"end":{"line":69,"column":3}},{"start":{"line":66,"column":2},"end":{"line":69,"column":3}}],"line":66},"7":{"loc":{"start":{"line":75,"column":2},"end":{"line":81,"column":3}},"type":"if","locations":[{"start":{"line":75,"column":2},"end":{"line":81,"column":3}},{"start":{"line":75,"column":2},"end":{"line":81,"column":3}}],"line":75},"8":{"loc":{"start":{"line":77,"column":4},"end":{"line":79,"column":5}},"type":"if","locations":[{"start":{"line":77,"column":4},"end":{"line":79,"column":5}},{"start":{"line":77,"column":4},"end":{"line":79,"column":5}}],"line":77}},"s":{"0":1,"1":1,"2":0,"3":0,"4":5,"5":0,"6":0,"7":0,"8":0,"9":2,"10":2,"11":0,"12":0,"13":0,"14":0,"15":0,"16":0,"17":0,"18":0,"19":0,"20":0,"21":0,"22":0,"23":0,"24":0,"25":0,"26":0,"27":0,"28":0,"29":3,"30":0,"31":0,"32":0,"33":0,"34":3,"35":0,"36":0,"37":0,"38":0,"39":0,"40":0,"41":0,"42":0,"43":0,"44":0,"45":0,"46":0,"47":0,"48":0,"49":0,"50":0},"f":{"0":0,"1":5,"2":2,"3":0,"4":3,"5":3,"6":0,"7":0,"8":0},"b":{"0":[0,0],"1":[0,0],"2":[0,0],"3":[0,0],"4":[0,0],"5":[0,0],"6":[0,0],"7":[0,0],"8":[0,0]},"_coverageSchema":"43e27e138ebf9cfc5966b082cf9a028302ed4184","hash":"b00768cb511459e896c891973c8a7179fe430432"}
,"/Users/samuelboardman/Documents/opensource/turing-users-service/utils/cache.js": {"path":"/Users/samuelboardman/Documents/opensource/turing-users-service/utils/cache.js","statementMap":{"0":{"start":{"line":6,"column":22},"end":{"line":6,"column":37}},"1":{"start":{"line":7,"column":19},"end":{"line":7,"column":41}},"2":{"start":{"line":8,"column":2},"end":{"line":26,"column":4}},"3":{"start":{"line":9,"column":4},"end":{"line":21,"column":5}},"4":{"start":{"line":10,"column":25},"end":{"line":10,"column":43}},"5":{"start":{"line":11,"column":6},"end":{"line":13,"column":7}},"6":{"start":{"line":12,"column":8},"end":{"line":12,"column":81}},"7":{"start":{"line":14,"column":6},"end":{"line":16,"column":7}},"8":{"start":{"line":15,"column":8},"end":{"line":15,"column":92}},"9":{"start":{"line":17,"column":6},"end":{"line":19,"column":7}},"10":{"start":{"line":18,"column":8},"end":{"line":18,"column":65}},"11":{"start":{"line":20,"column":6},"end":{"line":20,"column":79}},"12":{"start":{"line":22,"column":4},"end":{"line":24,"column":5}},"13":{"start":{"line":25,"column":4},"end":{"line":25,"column":17}},"14":{"start":{"line":30,"column":2},"end":{"line":32,"column":3}},"15":{"start":{"line":31,"column":4},"end":{"line":31,"column":90}},"16":{"start":{"line":33,"column":2},"end":{"line":35,"column":3}},"17":{"start":{"line":34,"column":4},"end":{"line":34,"column":98}}},"fnMap":{"0":{"name":"lookCache","decl":{"start":{"line":5,"column":9},"end":{"line":5,"column":18}},"loc":{"start":{"line":5,"column":36},"end":{"line":27,"column":1}},"line":5},"1":{"name":"(anonymous_1)","decl":{"start":{"line":8,"column":58},"end":{"line":8,"column":59}},"loc":{"start":{"line":8,"column":75},"end":{"line":26,"column":3}},"line":8},"2":{"name":"addToCache","decl":{"start":{"line":29,"column":9},"end":{"line":29,"column":19}},"loc":{"start":{"line":29,"column":38},"end":{"line":36,"column":1}},"line":29}},"branchMap":{"0":{"loc":{"start":{"line":9,"column":4},"end":{"line":21,"column":5}},"type":"if","locations":[{"start":{"line":9,"column":4},"end":{"line":21,"column":5}},{"start":{"line":9,"column":4},"end":{"line":21,"column":5}}],"line":9},"1":{"loc":{"start":{"line":11,"column":6},"end":{"line":13,"column":7}},"type":"if","locations":[{"start":{"line":11,"column":6},"end":{"line":13,"column":7}},{"start":{"line":11,"column":6},"end":{"line":13,"column":7}}],"line":11},"2":{"loc":{"start":{"line":14,"column":6},"end":{"line":16,"column":7}},"type":"if","locations":[{"start":{"line":14,"column":6},"end":{"line":16,"column":7}},{"start":{"line":14,"column":6},"end":{"line":16,"column":7}}],"line":14},"3":{"loc":{"start":{"line":17,"column":6},"end":{"line":19,"column":7}},"type":"if","locations":[{"start":{"line":17,"column":6},"end":{"line":19,"column":7}},{"start":{"line":17,"column":6},"end":{"line":19,"column":7}}],"line":17},"4":{"loc":{"start":{"line":22,"column":4},"end":{"line":24,"column":5}},"type":"if","locations":[{"start":{"line":22,"column":4},"end":{"line":24,"column":5}},{"start":{"line":22,"column":4},"end":{"line":24,"column":5}}],"line":22},"5":{"loc":{"start":{"line":30,"column":2},"end":{"line":32,"column":3}},"type":"if","locations":[{"start":{"line":30,"column":2},"end":{"line":32,"column":3}},{"start":{"line":30,"column":2},"end":{"line":32,"column":3}}],"line":30},"6":{"loc":{"start":{"line":33,"column":2},"end":{"line":35,"column":3}},"type":"if","locations":[{"start":{"line":33,"column":2},"end":{"line":35,"column":3}},{"start":{"line":33,"column":2},"end":{"line":35,"column":3}}],"line":33}},"s":{"0":0,"1":0,"2":0,"3":0,"4":0,"5":0,"6":0,"7":0,"8":0,"9":0,"10":0,"11":0,"12":0,"13":0,"14":1,"15":0,"16":1,"17":0},"f":{"0":0,"1":0,"2":1},"b":{"0":[0,0],"1":[0,0],"2":[0,0],"3":[0,0],"4":[0,0],"5":[0,1],"6":[0,1]},"_coverageSchema":"43e27e138ebf9cfc5966b082cf9a028302ed4184","hash":"7e9e69e0542c9912f5fb55385cf17034b2ecd437"}
,"/Users/samuelboardman/Documents/opensource/turing-users-service/utils/globalfunc.js": {"path":"/Users/samuelboardman/Documents/opensource/turing-users-service/utils/globalfunc.js","statementMap":{"0":{"start":{"line":8,"column":2},"end":{"line":8,"column":63}},"1":{"start":{"line":8,"column":41},"end":{"line":8,"column":62}},"2":{"start":{"line":12,"column":2},"end":{"line":12,"column":27}},"3":{"start":{"line":15,"column":46},"end":{"line":15,"column":53}},"4":{"start":{"line":16,"column":23},"end":{"line":16,"column":46}},"5":{"start":{"line":17,"column":20},"end":{"line":17,"column":45}},"6":{"start":{"line":18,"column":28},"end":{"line":18,"column":67}},"7":{"start":{"line":20,"column":2},"end":{"line":20,"column":55}},"8":{"start":{"line":23,"column":21},"end":{"line":28,"column":1}},"9":{"start":{"line":24,"column":14},"end":{"line":24,"column":19}},"10":{"start":{"line":25,"column":19},"end":{"line":25,"column":35}},"11":{"start":{"line":26,"column":2},"end":{"line":26,"column":36}},"12":{"start":{"line":27,"column":2},"end":{"line":27,"column":28}},"13":{"start":{"line":29,"column":27},"end":{"line":44,"column":1}},"14":{"start":{"line":31,"column":2},"end":{"line":34,"column":3}},"15":{"start":{"line":32,"column":22},"end":{"line":32,"column":42}},"16":{"start":{"line":33,"column":4},"end":{"line":33,"column":53}},"17":{"start":{"line":36,"column":24},"end":{"line":38,"column":3}},"18":{"start":{"line":39,"column":20},"end":{"line":42,"column":3}},"19":{"start":{"line":43,"column":2},"end":{"line":43,"column":52}},"20":{"start":{"line":46,"column":2},"end":{"line":46,"column":18}},"21":{"start":{"line":47,"column":2},"end":{"line":53,"column":4}},"22":{"start":{"line":48,"column":4},"end":{"line":52,"column":5}},"23":{"start":{"line":49,"column":6},"end":{"line":49,"column":28}},"24":{"start":{"line":50,"column":11},"end":{"line":52,"column":5}},"25":{"start":{"line":51,"column":6},"end":{"line":51,"column":76}},"26":{"start":{"line":54,"column":2},"end":{"line":54,"column":12}},"27":{"start":{"line":58,"column":23},"end":{"line":58,"column":26}},"28":{"start":{"line":59,"column":18},"end":{"line":59,"column":37}},"29":{"start":{"line":60,"column":2},"end":{"line":60,"column":19}},"30":{"start":{"line":63,"column":2},"end":{"line":63,"column":109}}},"fnMap":{"0":{"name":"getKeyByValue","decl":{"start":{"line":7,"column":9},"end":{"line":7,"column":22}},"loc":{"start":{"line":7,"column":39},"end":{"line":9,"column":1}},"line":7},"1":{"name":"(anonymous_1)","decl":{"start":{"line":8,"column":34},"end":{"line":8,"column":35}},"loc":{"start":{"line":8,"column":41},"end":{"line":8,"column":62}},"line":8},"2":{"name":"getUniqueId","decl":{"start":{"line":11,"column":9},"end":{"line":11,"column":20}},"loc":{"start":{"line":11,"column":24},"end":{"line":13,"column":1}},"line":11},"3":{"name":"getPageParams","decl":{"start":{"line":14,"column":9},"end":{"line":14,"column":22}},"loc":{"start":{"line":14,"column":33},"end":{"line":21,"column":1}},"line":14},"4":{"name":"(anonymous_4)","decl":{"start":{"line":23,"column":21},"end":{"line":23,"column":22}},"loc":{"start":{"line":23,"column":29},"end":{"line":28,"column":1}},"line":23},"5":{"name":"(anonymous_5)","decl":{"start":{"line":29,"column":27},"end":{"line":29,"column":28}},"loc":{"start":{"line":29,"column":54},"end":{"line":44,"column":1}},"line":29},"6":{"name":"convertObjectValuesRecursive","decl":{"start":{"line":45,"column":9},"end":{"line":45,"column":37}},"loc":{"start":{"line":45,"column":65},"end":{"line":55,"column":1}},"line":45},"7":{"name":"(anonymous_7)","decl":{"start":{"line":47,"column":27},"end":{"line":47,"column":28}},"loc":{"start":{"line":47,"column":36},"end":{"line":53,"column":3}},"line":47},"8":{"name":"getToken","decl":{"start":{"line":57,"column":9},"end":{"line":57,"column":17}},"loc":{"start":{"line":57,"column":24},"end":{"line":61,"column":1}},"line":57},"9":{"name":"maskCreditCard","decl":{"start":{"line":62,"column":9},"end":{"line":62,"column":23}},"loc":{"start":{"line":62,"column":37},"end":{"line":64,"column":1}},"line":62}},"branchMap":{"0":{"loc":{"start":{"line":16,"column":23},"end":{"line":16,"column":46}},"type":"binary-expr","locations":[{"start":{"line":16,"column":23},"end":{"line":16,"column":41}},{"start":{"line":16,"column":45},"end":{"line":16,"column":46}}],"line":16},"1":{"loc":{"start":{"line":17,"column":20},"end":{"line":17,"column":45}},"type":"binary-expr","locations":[{"start":{"line":17,"column":20},"end":{"line":17,"column":39}},{"start":{"line":17,"column":43},"end":{"line":17,"column":45}}],"line":17},"2":{"loc":{"start":{"line":18,"column":28},"end":{"line":18,"column":67}},"type":"binary-expr","locations":[{"start":{"line":18,"column":28},"end":{"line":18,"column":60}},{"start":{"line":18,"column":64},"end":{"line":18,"column":67}}],"line":18},"3":{"loc":{"start":{"line":26,"column":2},"end":{"line":26,"column":36}},"type":"binary-expr","locations":[{"start":{"line":26,"column":2},"end":{"line":26,"column":18}},{"start":{"line":26,"column":23},"end":{"line":26,"column":35}}],"line":26},"4":{"loc":{"start":{"line":31,"column":2},"end":{"line":34,"column":3}},"type":"if","locations":[{"start":{"line":31,"column":2},"end":{"line":34,"column":3}},{"start":{"line":31,"column":2},"end":{"line":34,"column":3}}],"line":31},"5":{"loc":{"start":{"line":48,"column":4},"end":{"line":52,"column":5}},"type":"if","locations":[{"start":{"line":48,"column":4},"end":{"line":52,"column":5}},{"start":{"line":48,"column":4},"end":{"line":52,"column":5}}],"line":48},"6":{"loc":{"start":{"line":50,"column":11},"end":{"line":52,"column":5}},"type":"if","locations":[{"start":{"line":50,"column":11},"end":{"line":52,"column":5}},{"start":{"line":50,"column":11},"end":{"line":52,"column":5}}],"line":50},"7":{"loc":{"start":{"line":50,"column":15},"end":{"line":50,"column":71}},"type":"binary-expr","locations":[{"start":{"line":50,"column":15},"end":{"line":50,"column":43}},{"start":{"line":50,"column":47},"end":{"line":50,"column":71}}],"line":50},"8":{"loc":{"start":{"line":63,"column":10},"end":{"line":63,"column":108}},"type":"cond-expr","locations":[{"start":{"line":63,"column":39},"end":{"line":63,"column":95}},{"start":{"line":63,"column":98},"end":{"line":63,"column":108}}],"line":63}},"s":{"0":4,"1":26,"2":0,"3":0,"4":0,"5":0,"6":0,"7":0,"8":2,"9":0,"10":0,"11":0,"12":0,"13":2,"14":0,"15":0,"16":0,"17":0,"18":0,"19":0,"20":0,"21":0,"22":0,"23":0,"24":0,"25":0,"26":0,"27":0,"28":0,"29":0,"30":0},"f":{"0":4,"1":26,"2":0,"3":0,"4":0,"5":0,"6":0,"7":0,"8":0,"9":0},"b":{"0":[0,0],"1":[0,0],"2":[0,0],"3":[0,0],"4":[0,0],"5":[0,0],"6":[0,0],"7":[0,0],"8":[0,0]},"_coverageSchema":"43e27e138ebf9cfc5966b082cf9a028302ed4184","hash":"1cca6074b61c8068ee52f5faaa54ba03e9c4342f"}
,"/Users/samuelboardman/Documents/opensource/turing-users-service/utils/networkRequest.js": {"path":"/Users/samuelboardman/Documents/opensource/turing-users-service/utils/networkRequest.js","statementMap":{"0":{"start":{"line":11,"column":20},"end":{"line":24,"column":1}},"1":{"start":{"line":12,"column":22},"end":{"line":14,"column":3}},"2":{"start":{"line":15,"column":2},"end":{"line":23,"column":3}},"3":{"start":{"line":16,"column":4},"end":{"line":20,"column":5}},"4":{"start":{"line":22,"column":4},"end":{"line":22,"column":21}},"5":{"start":{"line":33,"column":19},"end":{"line":40,"column":1}},"6":{"start":{"line":34,"column":2},"end":{"line":39,"column":3}},"7":{"start":{"line":35,"column":19},"end":{"line":35,"column":39}},"8":{"start":{"line":36,"column":4},"end":{"line":36,"column":19}},"9":{"start":{"line":38,"column":4},"end":{"line":38,"column":21}}},"fnMap":{"0":{"name":"(anonymous_0)","decl":{"start":{"line":11,"column":20},"end":{"line":11,"column":21}},"loc":{"start":{"line":11,"column":54},"end":{"line":24,"column":1}},"line":11},"1":{"name":"(anonymous_1)","decl":{"start":{"line":33,"column":19},"end":{"line":33,"column":20}},"loc":{"start":{"line":33,"column":40},"end":{"line":40,"column":1}},"line":33}},"branchMap":{},"s":{"0":1,"1":0,"2":0,"3":0,"4":0,"5":1,"6":0,"7":0,"8":0,"9":0},"f":{"0":0,"1":0},"b":{},"_coverageSchema":"43e27e138ebf9cfc5966b082cf9a028302ed4184","hash":"ba57ae42afe699e43d1e91162b16cf5991b2cf8f"}
,"/Users/samuelboardman/Documents/opensource/turing-users-service/utils/networkStatus.js": {"path":"/Users/samuelboardman/Documents/opensource/turing-users-service/utils/networkStatus.js","statementMap":{"0":{"start":{"line":15,"column":2},"end":{"line":20,"column":4}}},"fnMap":{"0":{"name":"serverError","decl":{"start":{"line":14,"column":9},"end":{"line":14,"column":20}},"loc":{"start":{"line":14,"column":27},"end":{"line":21,"column":1}},"line":14}},"branchMap":{},"s":{"0":0},"f":{"0":0},"b":{},"_coverageSchema":"43e27e138ebf9cfc5966b082cf9a028302ed4184","hash":"1851c9b242c896b64b74fa65745a7e390712bcc9"}
,"/Users/samuelboardman/Documents/opensource/turing-users-service/utils/passwordcrypt.js": {"path":"/Users/samuelboardman/Documents/opensource/turing-users-service/utils/passwordcrypt.js","statementMap":{"0":{"start":{"line":3,"column":28},"end":{"line":6,"column":1}},"1":{"start":{"line":4,"column":15},"end":{"line":4,"column":36}},"2":{"start":{"line":5,"column":2},"end":{"line":5,"column":40}},"3":{"start":{"line":8,"column":30},"end":{"line":10,"column":1}},"4":{"start":{"line":9,"column":2},"end":{"line":9,"column":13}},"5":{"start":{"line":12,"column":31},"end":{"line":14,"column":1}},"6":{"start":{"line":13,"column":2},"end":{"line":13,"column":49}}},"fnMap":{"0":{"name":"(anonymous_0)","decl":{"start":{"line":3,"column":28},"end":{"line":3,"column":29}},"loc":{"start":{"line":3,"column":42},"end":{"line":6,"column":1}},"line":3},"1":{"name":"(anonymous_1)","decl":{"start":{"line":8,"column":30},"end":{"line":8,"column":31}},"loc":{"start":{"line":8,"column":57},"end":{"line":10,"column":1}},"line":8},"2":{"name":"(anonymous_2)","decl":{"start":{"line":12,"column":31},"end":{"line":12,"column":32}},"loc":{"start":{"line":12,"column":57},"end":{"line":14,"column":1}},"line":12}},"branchMap":{},"s":{"0":1,"1":2,"2":2,"3":1,"4":0,"5":1,"6":0},"f":{"0":2,"1":0,"2":0},"b":{},"_coverageSchema":"43e27e138ebf9cfc5966b082cf9a028302ed4184","hash":"765ba69ae2ae13632928f549ee7cae9c90ec98a5"}
,"/Users/samuelboardman/Documents/opensource/turing-users-service/utils/verifyFacebookToken.js": {"path":"/Users/samuelboardman/Documents/opensource/turing-users-service/utils/verifyFacebookToken.js","statementMap":{"0":{"start":{"line":5,"column":12},"end":{"line":5,"column":66}},"1":{"start":{"line":6,"column":2},"end":{"line":6,"column":18}},"2":{"start":{"line":7,"column":17},"end":{"line":7,"column":48}},"3":{"start":{"line":8,"column":2},"end":{"line":8,"column":17}}},"fnMap":{"0":{"name":"(anonymous_0)","decl":{"start":{"line":4,"column":15},"end":{"line":4,"column":16}},"loc":{"start":{"line":4,"column":32},"end":{"line":9,"column":1}},"line":4}},"branchMap":{},"s":{"0":0,"1":0,"2":0,"3":0},"f":{"0":0},"b":{},"_coverageSchema":"43e27e138ebf9cfc5966b082cf9a028302ed4184","hash":"94fff7e8b7b45593dac4b29dfdad5b4c6567c59e"}
,"/Users/samuelboardman/Documents/opensource/turing-users-service/utils/errors/errorFormat.js": {"path":"/Users/samuelboardman/Documents/opensource/turing-users-service/utils/errors/errorFormat.js","statementMap":{"0":{"start":{"line":3,"column":20},"end":{"line":8,"column":3}},"1":{"start":{"line":9,"column":2},"end":{"line":9,"column":20}}},"fnMap":{"0":{"name":"(anonymous_0)","decl":{"start":{"line":2,"column":15},"end":{"line":2,"column":16}},"loc":{"start":{"line":2,"column":26},"end":{"line":10,"column":1}},"line":2}},"branchMap":{},"s":{"0":0,"1":0},"f":{"0":0},"b":{},"_coverageSchema":"43e27e138ebf9cfc5966b082cf9a028302ed4184","hash":"d8c04f1b32c1c77ac4e26ae8392d2af608fa7455"}
,"/Users/samuelboardman/Documents/opensource/turing-users-service/utils/errors/errorlogger.js": {"path":"/Users/samuelboardman/Documents/opensource/turing-users-service/utils/errors/errorlogger.js","statementMap":{"0":{"start":{"line":4,"column":15},"end":{"line":23,"column":2}},"1":{"start":{"line":24,"column":0},"end":{"line":28,"column":1}},"2":{"start":{"line":26,"column":4},"end":{"line":26,"column":25}}},"fnMap":{"0":{"name":"(anonymous_0)","decl":{"start":{"line":25,"column":9},"end":{"line":25,"column":10}},"loc":{"start":{"line":25,"column":38},"end":{"line":27,"column":3}},"line":25}},"branchMap":{},"s":{"0":1,"1":1,"2":9},"f":{"0":9},"b":{},"_coverageSchema":"43e27e138ebf9cfc5966b082cf9a028302ed4184","hash":"ae1d3d2674ae38e4b53314b08d5aa76d61459488"}
,"/Users/samuelboardman/Documents/opensource/turing-users-service/validations/validator.js": {"path":"/Users/samuelboardman/Documents/opensource/turing-users-service/validations/validator.js","statementMap":{"0":{"start":{"line":14,"column":2},"end":{"line":28,"column":3}},"1":{"start":{"line":15,"column":19},"end":{"line":17,"column":6}},"2":{"start":{"line":18,"column":4},"end":{"line":18,"column":38}},"3":{"start":{"line":20,"column":14},"end":{"line":20,"column":24}},"4":{"start":{"line":21,"column":16},"end":{"line":26,"column":5}},"5":{"start":{"line":27,"column":4},"end":{"line":27,"column":36}},"6":{"start":{"line":40,"column":30},"end":{"line":48,"column":1}},"7":{"start":{"line":41,"column":14},"end":{"line":41,"column":23}},"8":{"start":{"line":42,"column":2},"end":{"line":47,"column":3}},"9":{"start":{"line":44,"column":6},"end":{"line":44,"column":55}},"10":{"start":{"line":46,"column":6},"end":{"line":46,"column":27}}},"fnMap":{"0":{"name":"(anonymous_0)","decl":{"start":{"line":13,"column":15},"end":{"line":13,"column":16}},"loc":{"start":{"line":13,"column":44},"end":{"line":29,"column":1}},"line":13},"1":{"name":"(anonymous_1)","decl":{"start":{"line":40,"column":30},"end":{"line":40,"column":31}},"loc":{"start":{"line":40,"column":58},"end":{"line":48,"column":1}},"line":40}},"branchMap":{"0":{"loc":{"start":{"line":42,"column":2},"end":{"line":47,"column":3}},"type":"switch","locations":[{"start":{"line":43,"column":4},"end":{"line":44,"column":55}},{"start":{"line":45,"column":4},"end":{"line":46,"column":27}}],"line":42},"1":{"loc":{"start":{"line":44,"column":13},"end":{"line":44,"column":55}},"type":"binary-expr","locations":[{"start":{"line":44,"column":13},"end":{"line":44,"column":20}},{"start":{"line":44,"column":24},"end":{"line":44,"column":55}}],"line":44},"2":{"loc":{"start":{"line":44,"column":27},"end":{"line":44,"column":44}},"type":"binary-expr","locations":[{"start":{"line":44,"column":27},"end":{"line":44,"column":32}},{"start":{"line":44,"column":36},"end":{"line":44,"column":44}}],"line":44},"3":{"loc":{"start":{"line":46,"column":13},"end":{"line":46,"column":27}},"type":"binary-expr","locations":[{"start":{"line":46,"column":13},"end":{"line":46,"column":20}},{"start":{"line":46,"column":24},"end":{"line":46,"column":27}}],"line":46}},"s":{"0":7,"1":7,"2":5,"3":2,"4":2,"5":2,"6":1,"7":1,"8":1,"9":0,"10":1},"f":{"0":7,"1":1},"b":{"0":[0,1],"1":[0,0],"2":[0,0],"3":[1,1]},"_coverageSchema":"43e27e138ebf9cfc5966b082cf9a028302ed4184","hash":"52f9e618f88dd92de0a8b51d4f1f6df46e77fce5"}
,"/Users/samuelboardman/Documents/opensource/turing-users-service/validations/schemas/schema.js": {"path":"/Users/samuelboardman/Documents/opensource/turing-users-service/validations/schemas/schema.js","statementMap":{"0":{"start":{"line":14,"column":21},"end":{"line":17,"column":24}},"1":{"start":{"line":18,"column":22},"end":{"line":28,"column":1}},"2":{"start":{"line":19,"column":14},"end":{"line":19,"column":68}},"3":{"start":{"line":20,"column":2},"end":{"line":27,"column":51}},"4":{"start":{"line":27,"column":21},"end":{"line":27,"column":50}},"5":{"start":{"line":30,"column":13},"end":{"line":30,"column":34}},"6":{"start":{"line":31,"column":14},"end":{"line":36,"column":14}},"7":{"start":{"line":38,"column":17},"end":{"line":42,"column":20}},"8":{"start":{"line":44,"column":18},"end":{"line":48,"column":21}},"9":{"start":{"line":50,"column":18},"end":{"line":53,"column":21}},"10":{"start":{"line":55,"column":13},"end":{"line":59,"column":16}},"11":{"start":{"line":61,"column":15},"end":{"line":65,"column":18}},"12":{"start":{"line":67,"column":20},"end":{"line":71,"column":23}},"13":{"start":{"line":73,"column":16},"end":{"line":77,"column":19}},"14":{"start":{"line":79,"column":27},"end":{"line":81,"column":30}},"15":{"start":{"line":83,"column":20},"end":{"line":87,"column":23}},"16":{"start":{"line":89,"column":18},"end":{"line":93,"column":21}},"17":{"start":{"line":95,"column":18},"end":{"line":99,"column":21}},"18":{"start":{"line":101,"column":18},"end":{"line":105,"column":21}},"19":{"start":{"line":107,"column":15},"end":{"line":110,"column":18}},"20":{"start":{"line":112,"column":15},"end":{"line":116,"column":18}},"21":{"start":{"line":118,"column":28},"end":{"line":122,"column":2}},"22":{"start":{"line":124,"column":28},"end":{"line":131,"column":2}},"23":{"start":{"line":133,"column":43},"end":{"line":140,"column":2}},"24":{"start":{"line":142,"column":43},"end":{"line":150,"column":2}},"25":{"start":{"line":152,"column":46},"end":{"line":154,"column":2}},"26":{"start":{"line":156,"column":35},"end":{"line":159,"column":2}},"27":{"start":{"line":161,"column":30},"end":{"line":163,"column":2}}},"fnMap":{"0":{"name":"(anonymous_0)","decl":{"start":{"line":18,"column":22},"end":{"line":18,"column":23}},"loc":{"start":{"line":18,"column":31},"end":{"line":28,"column":1}},"line":18},"1":{"name":"(anonymous_1)","decl":{"start":{"line":27,"column":11},"end":{"line":27,"column":12}},"loc":{"start":{"line":27,"column":21},"end":{"line":27,"column":50}},"line":27}},"branchMap":{},"s":{"0":1,"1":1,"2":1,"3":1,"4":1,"5":1,"6":1,"7":1,"8":1,"9":1,"10":1,"11":1,"12":1,"13":1,"14":1,"15":1,"16":1,"17":1,"18":1,"19":1,"20":1,"21":1,"22":1,"23":1,"24":1,"25":1,"26":1,"27":1},"f":{"0":1,"1":1},"b":{},"_coverageSchema":"43e27e138ebf9cfc5966b082cf9a028302ed4184","hash":"9f1d67f333dc0a5745ca9ad4c0e7a78450f47275"}
}
