TN:
SF:/Users/samuelboardman/Documents/opensource/turing-users-service/index.js
FN:18,(anonymous_0)
FN:22,(anonymous_1)
FN:25,(anonymous_2)
FNF:3
FNH:1
FNDA:1,(anonymous_0)
FNDA:0,(anonymous_1)
FNDA:0,(anonymous_2)
DA:9,1
DA:10,1
DA:11,1
DA:12,1
DA:13,1
DA:14,1
DA:16,1
DA:18,1
DA:19,1
DA:22,1
DA:25,1
DA:26,0
LF:12
LH:11
BRDA:16,0,0,1
BRDA:16,0,1,1
BRF:2
BRH:2
end_of_record
TN:
SF:/Users/samuelboardman/Documents/opensource/turing-users-service/config/database.js
FN:18,(anonymous_0)
FN:21,(anonymous_1)
FNF:2
FNH:1
FNDA:0,(anonymous_0)
FNDA:1,(anonymous_1)
DA:4,1
DA:7,1
DA:16,1
DA:19,0
DA:22,1
LF:5
LH:4
BRF:0
BRH:0
end_of_record
TN:
SF:/Users/samuelboardman/Documents/opensource/turing-users-service/config/envconfig.js
FNF:0
FNH:0
DA:3,1
DA:17,1
LF:2
LH:2
BRDA:39,0,0,1
BRDA:39,0,1,0
BRDA:40,1,0,1
BRDA:40,1,1,0
BRDA:41,2,0,1
BRDA:41,2,1,0
BRF:6
BRH:3
end_of_record
TN:
SF:/Users/samuelboardman/Documents/opensource/turing-users-service/config/redis.js
FNF:0
FNH:0
DA:12,1
DA:14,1
LF:2
LH:2
BRDA:15,0,0,1
BRDA:15,0,1,0
BRDA:16,1,0,1
BRDA:16,1,1,0
BRDA:17,2,0,1
BRDA:17,2,1,0
BRDA:18,3,0,1
BRDA:18,3,1,0
BRF:8
BRH:4
end_of_record
TN:
SF:/Users/samuelboardman/Documents/opensource/turing-users-service/constants/index.js
FNF:0
FNH:0
DA:1,1
DA:16,1
DA:26,1
DA:31,1
LF:4
LH:4
BRF:0
BRH:0
end_of_record
TN:
SF:/Users/samuelboardman/Documents/opensource/turing-users-service/controllers/customer.js
FN:9,signupCustomer
FN:10,(anonymous_1)
FN:35,getCustomer
FN:36,(anonymous_3)
FN:53,updateCustomerDetails
FN:54,(anonymous_5)
FN:63,updateCustomerCreditCard
FN:64,(anonymous_7)
FN:72,updateCustomerAddress
FN:73,(anonymous_9)
FN:83,facebookLogin
FN:84,(anonymous_11)
FN:102,loginCustomer
FN:103,(anonymous_13)
FNF:14
FNH:9
FNDA:1,signupCustomer
FNDA:2,(anonymous_1)
FNDA:1,getCustomer
FNDA:0,(anonymous_3)
FNDA:1,updateCustomerDetails
FNDA:0,(anonymous_5)
FNDA:1,updateCustomerCreditCard
FNDA:0,(anonymous_7)
FNDA:1,updateCustomerAddress
FNDA:0,(anonymous_9)
FNDA:1,facebookLogin
FNDA:0,(anonymous_11)
FNDA:1,loginCustomer
FNDA:3,(anonymous_13)
DA:8,1
DA:10,1
DA:11,2
DA:12,2
DA:17,0
DA:18,0
DA:24,0
DA:27,0
DA:28,0
DA:29,0
DA:30,0
DA:36,1
DA:37,0
DA:39,0
DA:40,0
DA:46,0
DA:47,0
DA:49,0
DA:54,1
DA:55,0
DA:56,0
DA:57,0
DA:58,0
DA:64,1
DA:65,0
DA:66,0
DA:67,0
DA:68,0
DA:73,1
DA:74,0
DA:75,0
DA:76,0
DA:77,0
DA:78,0
DA:84,1
DA:85,0
DA:87,0
DA:88,0
DA:89,0
DA:95,0
DA:97,0
DA:98,0
DA:99,0
DA:103,1
DA:104,3
DA:105,3
DA:106,0
DA:107,0
DA:113,0
DA:115,0
DA:116,0
DA:117,0
LF:52
LH:12
BRDA:17,0,0,0
BRDA:17,0,1,0
BRDA:28,1,0,0
BRDA:28,1,1,0
BRDA:39,2,0,0
BRDA:39,2,1,0
BRDA:88,3,0,0
BRDA:88,3,1,0
BRDA:106,4,0,0
BRDA:106,4,1,0
BRF:10
BRH:0
end_of_record
TN:
SF:/Users/samuelboardman/Documents/opensource/turing-users-service/middlewares/async.js
FN:9,asyncF
FN:10,(anonymous_1)
FNF:2
FNH:2
FNDA:7,asyncF
FNDA:5,(anonymous_1)
DA:10,7
DA:11,5
DA:12,5
DA:14,5
LF:4
LH:4
BRF:0
BRH:0
end_of_record
TN:
SF:/Users/samuelboardman/Documents/opensource/turing-users-service/middlewares/authenticate.js
FN:7,(anonymous_0)
FN:37,(anonymous_1)
FNF:2
FNH:1
FNDA:2,(anonymous_0)
FNDA:0,(anonymous_1)
DA:7,1
DA:8,2
DA:9,2
DA:11,2
DA:12,0
DA:21,2
DA:22,1
DA:23,1
DA:24,0
DA:25,0
DA:27,2
DA:37,1
DA:38,0
DA:39,0
LF:14
LH:9
BRDA:11,0,0,0
BRDA:11,0,1,2
BRDA:11,1,0,2
BRDA:11,1,1,2
BRDA:11,1,2,2
BRF:5
BRH:4
end_of_record
TN:
SF:/Users/samuelboardman/Documents/opensource/turing-users-service/middlewares/rateLimit.js
FNF:0
FNH:0
DA:4,1
LF:1
LH:1
BRF:0
BRH:0
end_of_record
TN:
SF:/Users/samuelboardman/Documents/opensource/turing-users-service/middlewares/validateRequest.js
FN:19,(anonymous_0)
FN:42,(anonymous_1)
FNF:2
FNH:2
FNDA:7,(anonymous_0)
FNDA:7,(anonymous_1)
DA:19,1
DA:20,7
DA:29,7
DA:30,7
DA:31,7
DA:43,7
DA:45,7
DA:46,2
DA:47,2
DA:51,5
DA:52,5
LF:11
LH:11
BRDA:45,0,0,2
BRDA:45,0,1,5
BRF:2
BRH:2
end_of_record
TN:
SF:/Users/samuelboardman/Documents/opensource/turing-users-service/models/customer.js
FN:3,(anonymous_0)
FNF:1
FNH:1
FNDA:1,(anonymous_0)
DA:4,1
DA:59,1
DA:63,1
LF:3
LH:3
BRF:0
BRH:0
end_of_record
TN:
SF:/Users/samuelboardman/Documents/opensource/turing-users-service/models/index.js
FN:13,(anonymous_0)
FN:16,(anonymous_1)
FN:21,(anonymous_2)
FNF:3
FNH:3
FNDA:3,(anonymous_0)
FNDA:2,(anonymous_1)
FNDA:2,(anonymous_2)
DA:7,1
DA:9,1
DA:11,1
DA:14,3
DA:17,2
DA:18,2
DA:21,1
DA:22,2
DA:23,0
DA:27,1
DA:28,1
LF:11
LH:10
BRDA:14,0,0,3
BRDA:14,0,1,3
BRDA:14,0,2,2
BRDA:22,1,0,0
BRDA:22,1,1,2
BRF:5
BRH:4
end_of_record
TN:
SF:/Users/samuelboardman/Documents/opensource/turing-users-service/models/review.js
FN:1,(anonymous_0)
FNF:1
FNH:1
FNDA:1,(anonymous_0)
DA:2,1
DA:27,1
DA:31,1
LF:3
LH:3
BRF:0
BRH:0
end_of_record
TN:
SF:/Users/samuelboardman/Documents/opensource/turing-users-service/routes/customers.js
FNF:0
FNH:0
DA:6,1
DA:8,1
DA:11,1
DA:13,1
DA:15,1
DA:17,1
DA:18,1
LF:7
LH:7
BRF:0
BRH:0
end_of_record
TN:
SF:/Users/samuelboardman/Documents/opensource/turing-users-service/routes/routedependencies.js
FN:5,(anonymous_0)
FNF:1
FNH:1
FNDA:1,(anonymous_0)
DA:6,1
DA:7,1
DA:8,1
DA:9,1
LF:4
LH:4
BRF:0
BRH:0
end_of_record
TN:
SF:/Users/samuelboardman/Documents/opensource/turing-users-service/services/customer.js
FN:12,getCustomerById
FN:19,getCustomerByEmail
FN:32,createCustomer
FN:45,facebookLogin
FN:64,getLoginDetails
FN:73,confirmPassword
FN:86,updateCustomerCreditCard
FN:96,updateCustomerAddress
FN:105,updateCustomerDetails
FNF:9
FNH:4
FNDA:0,getCustomerById
FNDA:5,getCustomerByEmail
FNDA:2,createCustomer
FNDA:0,facebookLogin
FNDA:3,getLoginDetails
FNDA:3,confirmPassword
FNDA:0,updateCustomerCreditCard
FNDA:0,updateCustomerAddress
FNDA:0,updateCustomerDetails
DA:9,1
DA:10,1
DA:13,0
DA:16,0
DA:20,5
DA:24,0
DA:25,0
DA:26,0
DA:29,0
DA:33,2
DA:34,2
DA:36,0
DA:37,0
DA:38,0
DA:39,0
DA:40,0
DA:42,0
DA:46,0
DA:47,0
DA:48,0
DA:49,0
DA:50,0
DA:52,0
DA:53,0
DA:54,0
DA:55,0
DA:56,0
DA:58,0
DA:60,0
DA:65,3
DA:66,0
DA:67,0
DA:68,0
DA:70,0
DA:74,3
DA:75,0
DA:76,0
DA:77,0
DA:78,0
DA:80,0
DA:83,0
DA:87,0
DA:92,0
DA:93,0
DA:97,0
DA:102,0
DA:103,0
DA:106,0
DA:107,0
DA:112,0
DA:113,0
LF:51
LH:7
BRDA:24,0,0,0
BRDA:24,0,1,0
BRDA:25,1,0,0
BRDA:25,1,1,0
BRDA:36,2,0,0
BRDA:36,2,1,0
BRDA:49,3,0,0
BRDA:49,3,1,0
BRDA:49,4,0,0
BRDA:49,4,1,0
BRDA:54,5,0,0
BRDA:54,5,1,0
BRDA:66,6,0,0
BRDA:66,6,1,0
BRDA:75,7,0,0
BRDA:75,7,1,0
BRDA:77,8,0,0
BRDA:77,8,1,0
BRF:18
BRH:0
end_of_record
TN:
SF:/Users/samuelboardman/Documents/opensource/turing-users-service/utils/cache.js
FN:5,lookCache
FN:8,(anonymous_1)
FN:29,addToCache
FNF:3
FNH:1
FNDA:0,lookCache
FNDA:0,(anonymous_1)
FNDA:1,addToCache
DA:6,0
DA:7,0
DA:8,0
DA:9,0
DA:10,0
DA:11,0
DA:12,0
DA:14,0
DA:15,0
DA:17,0
DA:18,0
DA:20,0
DA:22,0
DA:25,0
DA:30,1
DA:31,0
DA:33,1
DA:34,0
LF:18
LH:2
BRDA:9,0,0,0
BRDA:9,0,1,0
BRDA:11,1,0,0
BRDA:11,1,1,0
BRDA:14,2,0,0
BRDA:14,2,1,0
BRDA:17,3,0,0
BRDA:17,3,1,0
BRDA:22,4,0,0
BRDA:22,4,1,0
BRDA:30,5,0,0
BRDA:30,5,1,1
BRDA:33,6,0,0
BRDA:33,6,1,1
BRF:14
BRH:2
end_of_record
TN:
SF:/Users/samuelboardman/Documents/opensource/turing-users-service/utils/globalfunc.js
FN:7,getKeyByValue
FN:8,(anonymous_1)
FN:11,getUniqueId
FN:14,getPageParams
FN:23,(anonymous_4)
FN:29,(anonymous_5)
FN:45,convertObjectValuesRecursive
FN:47,(anonymous_7)
FN:57,getToken
FN:62,maskCreditCard
FNF:10
FNH:2
FNDA:4,getKeyByValue
FNDA:26,(anonymous_1)
FNDA:0,getUniqueId
FNDA:0,getPageParams
FNDA:0,(anonymous_4)
FNDA:0,(anonymous_5)
FNDA:0,convertObjectValuesRecursive
FNDA:0,(anonymous_7)
FNDA:0,getToken
FNDA:0,maskCreditCard
DA:8,26
DA:12,0
DA:15,0
DA:16,0
DA:17,0
DA:18,0
DA:20,0
DA:23,2
DA:24,0
DA:25,0
DA:26,0
DA:27,0
DA:29,2
DA:31,0
DA:32,0
DA:33,0
DA:36,0
DA:39,0
DA:43,0
DA:46,0
DA:47,0
DA:48,0
DA:49,0
DA:50,0
DA:51,0
DA:54,0
DA:58,0
DA:59,0
DA:60,0
DA:63,0
LF:30
LH:3
BRDA:16,0,0,0
BRDA:16,0,1,0
BRDA:17,1,0,0
BRDA:17,1,1,0
BRDA:18,2,0,0
BRDA:18,2,1,0
BRDA:26,3,0,0
BRDA:26,3,1,0
BRDA:31,4,0,0
BRDA:31,4,1,0
BRDA:48,5,0,0
BRDA:48,5,1,0
BRDA:50,6,0,0
BRDA:50,6,1,0
BRDA:50,7,0,0
BRDA:50,7,1,0
BRDA:63,8,0,0
BRDA:63,8,1,0
BRF:18
BRH:0
end_of_record
TN:
SF:/Users/samuelboardman/Documents/opensource/turing-users-service/utils/networkRequest.js
FN:11,(anonymous_0)
FN:33,(anonymous_1)
FNF:2
FNH:0
FNDA:0,(anonymous_0)
FNDA:0,(anonymous_1)
DA:11,1
DA:12,0
DA:15,0
DA:16,0
DA:22,0
DA:33,1
DA:34,0
DA:35,0
DA:36,0
DA:38,0
LF:10
LH:2
BRF:0
BRH:0
end_of_record
TN:
SF:/Users/samuelboardman/Documents/opensource/turing-users-service/utils/networkStatus.js
FN:14,serverError
FNF:1
FNH:0
FNDA:0,serverError
DA:15,0
LF:1
LH:0
BRF:0
BRH:0
end_of_record
TN:
SF:/Users/samuelboardman/Documents/opensource/turing-users-service/utils/passwordcrypt.js
FN:3,(anonymous_0)
FN:8,(anonymous_1)
FN:12,(anonymous_2)
FNF:3
FNH:1
FNDA:2,(anonymous_0)
FNDA:0,(anonymous_1)
FNDA:0,(anonymous_2)
DA:3,1
DA:4,2
DA:5,2
DA:8,1
DA:9,0
DA:12,1
DA:13,0
LF:7
LH:5
BRF:0
BRH:0
end_of_record
TN:
SF:/Users/samuelboardman/Documents/opensource/turing-users-service/utils/verifyFacebookToken.js
FN:4,(anonymous_0)
FNF:1
FNH:0
FNDA:0,(anonymous_0)
DA:5,0
DA:6,0
DA:7,0
DA:8,0
LF:4
LH:0
BRF:0
BRH:0
end_of_record
TN:
SF:/Users/samuelboardman/Documents/opensource/turing-users-service/utils/errors/errorFormat.js
FN:2,(anonymous_0)
FNF:1
FNH:0
FNDA:0,(anonymous_0)
DA:3,0
DA:9,0
LF:2
LH:0
BRF:0
BRH:0
end_of_record
TN:
SF:/Users/samuelboardman/Documents/opensource/turing-users-service/utils/errors/errorlogger.js
FN:25,(anonymous_0)
FNF:1
FNH:1
FNDA:9,(anonymous_0)
DA:4,1
DA:24,1
DA:26,9
LF:3
LH:3
BRF:0
BRH:0
end_of_record
TN:
SF:/Users/samuelboardman/Documents/opensource/turing-users-service/validations/validator.js
FN:13,(anonymous_0)
FN:40,(anonymous_1)
FNF:2
FNH:2
FNDA:7,(anonymous_0)
FNDA:1,(anonymous_1)
DA:14,7
DA:15,7
DA:18,5
DA:20,2
DA:21,2
DA:27,2
DA:40,1
DA:41,1
DA:42,1
DA:44,0
DA:46,1
LF:11
LH:10
BRDA:42,0,0,0
BRDA:42,0,1,1
BRDA:44,1,0,0
BRDA:44,1,1,0
BRDA:44,2,0,0
BRDA:44,2,1,0
BRDA:46,3,0,1
BRDA:46,3,1,1
BRF:8
BRH:3
end_of_record
TN:
SF:/Users/samuelboardman/Documents/opensource/turing-users-service/validations/schemas/schema.js
FN:18,(anonymous_0)
FN:27,(anonymous_1)
FNF:2
FNH:2
FNDA:1,(anonymous_0)
FNDA:1,(anonymous_1)
DA:14,1
DA:18,1
DA:19,1
DA:20,1
DA:27,1
DA:30,1
DA:31,1
DA:38,1
DA:44,1
DA:50,1
DA:55,1
DA:61,1
DA:67,1
DA:73,1
DA:79,1
DA:83,1
DA:89,1
DA:95,1
DA:101,1
DA:107,1
DA:112,1
DA:118,1
DA:124,1
DA:133,1
DA:142,1
DA:152,1
DA:156,1
DA:161,1
LF:28
LH:28
BRF:0
BRH:0
end_of_record
